<?xml version="1.0" encoding="UTF-8"?>
<testsuite xmlns:xsi="http://www.w3.org/2001/XMLSchema-instance" xsi:noNamespaceSchemaLocation="https://maven.apache.org/surefire/maven-surefire-plugin/xsd/surefire-test-report.xsd" name="com.ricostone.communitymodule.CommunityModuleApplicationTests" time="3.91" tests="1" errors="0" skipped="0" failures="0">
  <properties>
    <property name="sun.desktop" value="windows"/>
    <property name="awt.toolkit" value="sun.awt.windows.WToolkit"/>
    <property name="file.encoding.pkg" value="sun.io"/>
    <property name="java.specification.version" value="1.8"/>
    <property name="sun.cpu.isalist" value="amd64"/>
    <property name="sun.jnu.encoding" value="GBK"/>
    <property name="java.class.path" value="D:\Project\CommunityModule\target\test-classes;D:\Project\CommunityModule\target\classes;D:\devlopTool\maven\localRepository\org\springframework\boot\spring-boot-starter-aop\2.7.18-SNAPSHOT\spring-boot-starter-aop-2.7.18-SNAPSHOT.jar;D:\devlopTool\maven\localRepository\org\springframework\boot\spring-boot-starter\2.7.18-SNAPSHOT\spring-boot-starter-2.7.18-SNAPSHOT.jar;D:\devlopTool\maven\localRepository\org\springframework\boot\spring-boot-starter-logging\2.7.18-SNAPSHOT\spring-boot-starter-logging-2.7.18-SNAPSHOT.jar;D:\devlopTool\maven\localRepository\ch\qos\logback\logback-classic\1.2.12\logback-classic-1.2.12.jar;D:\devlopTool\maven\localRepository\ch\qos\logback\logback-core\1.2.12\logback-core-1.2.12.jar;D:\devlopTool\maven\localRepository\org\apache\logging\log4j\log4j-to-slf4j\2.17.2\log4j-to-slf4j-2.17.2.jar;D:\devlopTool\maven\localRepository\org\apache\logging\log4j\log4j-api\2.17.2\log4j-api-2.17.2.jar;D:\devlopTool\maven\localRepository\org\slf4j\jul-to-slf4j\1.7.36\jul-to-slf4j-1.7.36.jar;D:\devlopTool\maven\localRepository\org\yaml\snakeyaml\1.30\snakeyaml-1.30.jar;D:\devlopTool\maven\localRepository\org\springframework\spring-aop\5.3.31\spring-aop-5.3.31.jar;D:\devlopTool\maven\localRepository\org\springframework\spring-beans\5.3.31\spring-beans-5.3.31.jar;D:\devlopTool\maven\localRepository\org\aspectj\aspectjweaver\1.9.7\aspectjweaver-1.9.7.jar;D:\devlopTool\maven\localRepository\org\springframework\boot\spring-boot-starter-thymeleaf\2.7.18-SNAPSHOT\spring-boot-starter-thymeleaf-2.7.18-SNAPSHOT.jar;D:\devlopTool\maven\localRepository\org\thymeleaf\thymeleaf-spring5\3.0.15.RELEASE\thymeleaf-spring5-3.0.15.RELEASE.jar;D:\devlopTool\maven\localRepository\org\thymeleaf\thymeleaf\3.0.15.RELEASE\thymeleaf-3.0.15.RELEASE.jar;D:\devlopTool\maven\localRepository\org\attoparser\attoparser\2.0.5.RELEASE\attoparser-2.0.5.RELEASE.jar;D:\devlopTool\maven\localRepository\org\unbescape\unbescape\1.1.6.RELEASE\unbescape-1.1.6.RELEASE.jar;D:\devlopTool\maven\localRepository\org\thymeleaf\extras\thymeleaf-extras-java8time\3.0.4.RELEASE\thymeleaf-extras-java8time-3.0.4.RELEASE.jar;D:\devlopTool\maven\localRepository\org\springframework\boot\spring-boot-starter-web\2.7.18-SNAPSHOT\spring-boot-starter-web-2.7.18-SNAPSHOT.jar;D:\devlopTool\maven\localRepository\org\springframework\boot\spring-boot-starter-json\2.7.18-SNAPSHOT\spring-boot-starter-json-2.7.18-SNAPSHOT.jar;D:\devlopTool\maven\localRepository\com\fasterxml\jackson\core\jackson-databind\2.13.5\jackson-databind-2.13.5.jar;D:\devlopTool\maven\localRepository\com\fasterxml\jackson\core\jackson-annotations\2.13.5\jackson-annotations-2.13.5.jar;D:\devlopTool\maven\localRepository\com\fasterxml\jackson\core\jackson-core\2.13.5\jackson-core-2.13.5.jar;D:\devlopTool\maven\localRepository\com\fasterxml\jackson\datatype\jackson-datatype-jdk8\2.13.5\jackson-datatype-jdk8-2.13.5.jar;D:\devlopTool\maven\localRepository\com\fasterxml\jackson\datatype\jackson-datatype-jsr310\2.13.5\jackson-datatype-jsr310-2.13.5.jar;D:\devlopTool\maven\localRepository\com\fasterxml\jackson\module\jackson-module-parameter-names\2.13.5\jackson-module-parameter-names-2.13.5.jar;D:\devlopTool\maven\localRepository\org\springframework\spring-web\5.3.31\spring-web-5.3.31.jar;D:\devlopTool\maven\localRepository\org\springframework\spring-webmvc\5.3.31\spring-webmvc-5.3.31.jar;D:\devlopTool\maven\localRepository\org\springframework\spring-context\5.3.31\spring-context-5.3.31.jar;D:\devlopTool\maven\localRepository\org\springframework\spring-expression\5.3.31\spring-expression-5.3.31.jar;D:\devlopTool\maven\localRepository\org\thymeleaf\extras\thymeleaf-extras-springsecurity5\3.0.5.RELEASE\thymeleaf-extras-springsecurity5-3.0.5.RELEASE.jar;D:\devlopTool\maven\localRepository\org\slf4j\slf4j-api\1.7.36\slf4j-api-1.7.36.jar;D:\devlopTool\maven\localRepository\org\springframework\boot\spring-boot-devtools\2.7.18-SNAPSHOT\spring-boot-devtools-2.7.18-SNAPSHOT.jar;D:\devlopTool\maven\localRepository\org\springframework\boot\spring-boot\2.7.18-SNAPSHOT\spring-boot-2.7.18-SNAPSHOT.jar;D:\devlopTool\maven\localRepository\org\springframework\boot\spring-boot-autoconfigure\2.7.18-SNAPSHOT\spring-boot-autoconfigure-2.7.18-SNAPSHOT.jar;D:\devlopTool\maven\localRepository\com\mysql\mysql-connector-j\8.0.33\mysql-connector-j-8.0.33.jar;D:\devlopTool\maven\localRepository\org\springframework\boot\spring-boot-configuration-processor\2.7.18-SNAPSHOT\spring-boot-configuration-processor-2.7.18-SNAPSHOT.jar;D:\devlopTool\maven\localRepository\org\projectlombok\lombok\1.18.30\lombok-1.18.30.jar;D:\devlopTool\maven\localRepository\org\springframework\boot\spring-boot-starter-tomcat\2.7.18-SNAPSHOT\spring-boot-starter-tomcat-2.7.18-SNAPSHOT.jar;D:\devlopTool\maven\localRepository\jakarta\annotation\jakarta.annotation-api\1.3.5\jakarta.annotation-api-1.3.5.jar;D:\devlopTool\maven\localRepository\org\apache\tomcat\embed\tomcat-embed-core\9.0.83\tomcat-embed-core-9.0.83.jar;D:\devlopTool\maven\localRepository\org\apache\tomcat\embed\tomcat-embed-el\9.0.83\tomcat-embed-el-9.0.83.jar;D:\devlopTool\maven\localRepository\org\apache\tomcat\embed\tomcat-embed-websocket\9.0.83\tomcat-embed-websocket-9.0.83.jar;D:\devlopTool\maven\localRepository\org\springframework\boot\spring-boot-starter-test\2.7.18-SNAPSHOT\spring-boot-starter-test-2.7.18-SNAPSHOT.jar;D:\devlopTool\maven\localRepository\org\springframework\boot\spring-boot-test\2.7.18-SNAPSHOT\spring-boot-test-2.7.18-SNAPSHOT.jar;D:\devlopTool\maven\localRepository\org\springframework\boot\spring-boot-test-autoconfigure\2.7.18-SNAPSHOT\spring-boot-test-autoconfigure-2.7.18-SNAPSHOT.jar;D:\devlopTool\maven\localRepository\com\jayway\jsonpath\json-path\2.7.0\json-path-2.7.0.jar;D:\devlopTool\maven\localRepository\net\minidev\json-smart\2.4.11\json-smart-2.4.11.jar;D:\devlopTool\maven\localRepository\net\minidev\accessors-smart\2.4.11\accessors-smart-2.4.11.jar;D:\devlopTool\maven\localRepository\org\ow2\asm\asm\9.3\asm-9.3.jar;D:\devlopTool\maven\localRepository\jakarta\xml\bind\jakarta.xml.bind-api\2.3.3\jakarta.xml.bind-api-2.3.3.jar;D:\devlopTool\maven\localRepository\jakarta\activation\jakarta.activation-api\1.2.2\jakarta.activation-api-1.2.2.jar;D:\devlopTool\maven\localRepository\org\assertj\assertj-core\3.22.0\assertj-core-3.22.0.jar;D:\devlopTool\maven\localRepository\org\hamcrest\hamcrest\2.2\hamcrest-2.2.jar;D:\devlopTool\maven\localRepository\org\junit\jupiter\junit-jupiter\5.8.2\junit-jupiter-5.8.2.jar;D:\devlopTool\maven\localRepository\org\junit\jupiter\junit-jupiter-api\5.8.2\junit-jupiter-api-5.8.2.jar;D:\devlopTool\maven\localRepository\org\opentest4j\opentest4j\1.2.0\opentest4j-1.2.0.jar;D:\devlopTool\maven\localRepository\org\junit\jupiter\junit-jupiter-params\5.8.2\junit-jupiter-params-5.8.2.jar;D:\devlopTool\maven\localRepository\org\junit\jupiter\junit-jupiter-engine\5.8.2\junit-jupiter-engine-5.8.2.jar;D:\devlopTool\maven\localRepository\org\junit\platform\junit-platform-engine\1.8.2\junit-platform-engine-1.8.2.jar;D:\devlopTool\maven\localRepository\org\mockito\mockito-core\4.5.1\mockito-core-4.5.1.jar;D:\devlopTool\maven\localRepository\net\bytebuddy\byte-buddy\1.12.23\byte-buddy-1.12.23.jar;D:\devlopTool\maven\localRepository\net\bytebuddy\byte-buddy-agent\1.12.23\byte-buddy-agent-1.12.23.jar;D:\devlopTool\maven\localRepository\org\objenesis\objenesis\3.2\objenesis-3.2.jar;D:\devlopTool\maven\localRepository\org\mockito\mockito-junit-jupiter\4.5.1\mockito-junit-jupiter-4.5.1.jar;D:\devlopTool\maven\localRepository\org\skyscreamer\jsonassert\1.5.1\jsonassert-1.5.1.jar;D:\devlopTool\maven\localRepository\com\vaadin\external\google\android-json\0.0.20131108.vaadin1\android-json-0.0.20131108.vaadin1.jar;D:\devlopTool\maven\localRepository\org\springframework\spring-core\5.3.31\spring-core-5.3.31.jar;D:\devlopTool\maven\localRepository\org\springframework\spring-jcl\5.3.31\spring-jcl-5.3.31.jar;D:\devlopTool\maven\localRepository\org\springframework\spring-test\5.3.31\spring-test-5.3.31.jar;D:\devlopTool\maven\localRepository\org\xmlunit\xmlunit-core\2.9.1\xmlunit-core-2.9.1.jar;D:\devlopTool\maven\localRepository\org\springframework\security\spring-security-test\5.7.11\spring-security-test-5.7.11.jar;D:\devlopTool\maven\localRepository\org\springframework\security\spring-security-core\5.7.11\spring-security-core-5.7.11.jar;D:\devlopTool\maven\localRepository\org\springframework\security\spring-security-crypto\5.7.11\spring-security-crypto-5.7.11.jar;D:\devlopTool\maven\localRepository\org\springframework\security\spring-security-web\5.7.11\spring-security-web-5.7.11.jar;D:\devlopTool\maven\localRepository\org\springframework\boot\spring-boot-starter-data-jdbc\2.7.18-SNAPSHOT\spring-boot-starter-data-jdbc-2.7.18-SNAPSHOT.jar;D:\devlopTool\maven\localRepository\org\springframework\boot\spring-boot-starter-jdbc\2.7.18-SNAPSHOT\spring-boot-starter-jdbc-2.7.18-SNAPSHOT.jar;D:\devlopTool\maven\localRepository\com\zaxxer\HikariCP\4.0.3\HikariCP-4.0.3.jar;D:\devlopTool\maven\localRepository\org\springframework\spring-jdbc\5.3.31\spring-jdbc-5.3.31.jar;D:\devlopTool\maven\localRepository\org\springframework\data\spring-data-jdbc\2.4.18\spring-data-jdbc-2.4.18.jar;D:\devlopTool\maven\localRepository\org\springframework\data\spring-data-relational\2.4.18\spring-data-relational-2.4.18.jar;D:\devlopTool\maven\localRepository\org\springframework\data\spring-data-commons\2.7.18\spring-data-commons-2.7.18.jar;D:\devlopTool\maven\localRepository\org\springframework\spring-tx\5.3.31\spring-tx-5.3.31.jar;D:\devlopTool\maven\localRepository\org\mybatis\spring\boot\mybatis-spring-boot-starter\2.2.2\mybatis-spring-boot-starter-2.2.2.jar;D:\devlopTool\maven\localRepository\org\mybatis\spring\boot\mybatis-spring-boot-autoconfigure\2.2.2\mybatis-spring-boot-autoconfigure-2.2.2.jar;D:\devlopTool\maven\localRepository\org\mybatis\mybatis\3.5.9\mybatis-3.5.9.jar;D:\devlopTool\maven\localRepository\org\mybatis\mybatis-spring\2.0.7\mybatis-spring-2.0.7.jar;D:\devlopTool\maven\localRepository\org\junit\platform\junit-platform-commons\1.8.2\junit-platform-commons-1.8.2.jar;D:\devlopTool\maven\localRepository\org\apiguardian\apiguardian-api\1.1.2\apiguardian-api-1.1.2.jar;D:\devlopTool\maven\localRepository\com\alibaba\fastjson\1.2.47\fastjson-1.2.47.jar;D:\devlopTool\maven\localRepository\junit\junit\4.13.2\junit-4.13.2.jar;D:\devlopTool\maven\localRepository\org\hamcrest\hamcrest-core\2.2\hamcrest-core-2.2.jar;D:\devlopTool\maven\localRepository\org\apache\directory\studio\org.apache.commons.codec\1.8\org.apache.commons.codec-1.8.jar;D:\devlopTool\maven\localRepository\commons-codec\commons-codec\1.15\commons-codec-1.15.jar;D:\devlopTool\maven\localRepository\org\bouncycastle\bcprov-jdk15on\1.70\bcprov-jdk15on-1.70.jar;D:\devlopTool\maven\localRepository\org\jetbrains\annotations\24.1.0\annotations-24.1.0.jar;D:\devlopTool\maven\localRepository\com\github\penggle\kaptcha\2.3.2\kaptcha-2.3.2.jar;D:\devlopTool\maven\localRepository\javax\servlet\javax.servlet-api\4.0.1\javax.servlet-api-4.0.1.jar;D:\devlopTool\maven\localRepository\com\jhlabs\filters\2.0.235-1\filters-2.0.235-1.jar;D:\devlopTool\maven\localRepository\org\springframework\boot\spring-boot-starter-data-jpa\2.7.18-SNAPSHOT\spring-boot-starter-data-jpa-2.7.18-SNAPSHOT.jar;D:\devlopTool\maven\localRepository\jakarta\transaction\jakarta.transaction-api\1.3.3\jakarta.transaction-api-1.3.3.jar;D:\devlopTool\maven\localRepository\jakarta\persistence\jakarta.persistence-api\2.2.3\jakarta.persistence-api-2.2.3.jar;D:\devlopTool\maven\localRepository\org\hibernate\hibernate-core\5.6.15.Final\hibernate-core-5.6.15.Final.jar;D:\devlopTool\maven\localRepository\org\jboss\logging\jboss-logging\3.4.3.Final\jboss-logging-3.4.3.Final.jar;D:\devlopTool\maven\localRepository\antlr\antlr\2.7.7\antlr-2.7.7.jar;D:\devlopTool\maven\localRepository\org\jboss\jandex\2.4.2.Final\jandex-2.4.2.Final.jar;D:\devlopTool\maven\localRepository\com\fasterxml\classmate\1.5.1\classmate-1.5.1.jar;D:\devlopTool\maven\localRepository\org\hibernate\common\hibernate-commons-annotations\5.1.2.Final\hibernate-commons-annotations-5.1.2.Final.jar;D:\devlopTool\maven\localRepository\org\glassfish\jaxb\jaxb-runtime\2.3.9\jaxb-runtime-2.3.9.jar;D:\devlopTool\maven\localRepository\org\glassfish\jaxb\txw2\2.3.9\txw2-2.3.9.jar;D:\devlopTool\maven\localRepository\com\sun\istack\istack-commons-runtime\3.0.12\istack-commons-runtime-3.0.12.jar;D:\devlopTool\maven\localRepository\com\sun\activation\jakarta.activation\1.2.2\jakarta.activation-1.2.2.jar;D:\devlopTool\maven\localRepository\org\springframework\data\spring-data-jpa\2.7.18\spring-data-jpa-2.7.18.jar;D:\devlopTool\maven\localRepository\org\springframework\spring-orm\5.3.31\spring-orm-5.3.31.jar;D:\devlopTool\maven\localRepository\org\springframework\spring-aspects\5.3.31\spring-aspects-5.3.31.jar;"/>
    <property name="java.vm.vendor" value="Amazon.com Inc."/>
    <property name="sun.arch.data.model" value="64"/>
    <property name="user.variant" value=""/>
    <property name="java.vendor.url" value="https://aws.amazon.com/corretto/"/>
    <property name="user.timezone" value="Asia/Shanghai"/>
    <property name="java.vm.specification.version" value="1.8"/>
    <property name="os.name" value="Windows 11"/>
    <property name="user.country" value="CN"/>
    <property name="sun.java.launcher" value="SUN_STANDARD"/>
    <property name="sun.boot.library.path" value="D:\Java\JDK\jre\bin"/>
    <property name="sun.java.command" value="C:\Users\RICOST~1\AppData\Local\Temp\surefire7926264560378528494\surefirebooter3952489035255700972.jar C:\Users\Ricostone\AppData\Local\Temp\surefire7926264560378528494 2023-12-12T20-18-36_104-jvmRun1 surefire8677419587865150693tmp surefire_02827526061665505244tmp"/>
    <property name="surefire.test.class.path" value="D:\Project\CommunityModule\target\test-classes;D:\Project\CommunityModule\target\classes;D:\devlopTool\maven\localRepository\org\springframework\boot\spring-boot-starter-aop\2.7.18-SNAPSHOT\spring-boot-starter-aop-2.7.18-SNAPSHOT.jar;D:\devlopTool\maven\localRepository\org\springframework\boot\spring-boot-starter\2.7.18-SNAPSHOT\spring-boot-starter-2.7.18-SNAPSHOT.jar;D:\devlopTool\maven\localRepository\org\springframework\boot\spring-boot-starter-logging\2.7.18-SNAPSHOT\spring-boot-starter-logging-2.7.18-SNAPSHOT.jar;D:\devlopTool\maven\localRepository\ch\qos\logback\logback-classic\1.2.12\logback-classic-1.2.12.jar;D:\devlopTool\maven\localRepository\ch\qos\logback\logback-core\1.2.12\logback-core-1.2.12.jar;D:\devlopTool\maven\localRepository\org\apache\logging\log4j\log4j-to-slf4j\2.17.2\log4j-to-slf4j-2.17.2.jar;D:\devlopTool\maven\localRepository\org\apache\logging\log4j\log4j-api\2.17.2\log4j-api-2.17.2.jar;D:\devlopTool\maven\localRepository\org\slf4j\jul-to-slf4j\1.7.36\jul-to-slf4j-1.7.36.jar;D:\devlopTool\maven\localRepository\org\yaml\snakeyaml\1.30\snakeyaml-1.30.jar;D:\devlopTool\maven\localRepository\org\springframework\spring-aop\5.3.31\spring-aop-5.3.31.jar;D:\devlopTool\maven\localRepository\org\springframework\spring-beans\5.3.31\spring-beans-5.3.31.jar;D:\devlopTool\maven\localRepository\org\aspectj\aspectjweaver\1.9.7\aspectjweaver-1.9.7.jar;D:\devlopTool\maven\localRepository\org\springframework\boot\spring-boot-starter-thymeleaf\2.7.18-SNAPSHOT\spring-boot-starter-thymeleaf-2.7.18-SNAPSHOT.jar;D:\devlopTool\maven\localRepository\org\thymeleaf\thymeleaf-spring5\3.0.15.RELEASE\thymeleaf-spring5-3.0.15.RELEASE.jar;D:\devlopTool\maven\localRepository\org\thymeleaf\thymeleaf\3.0.15.RELEASE\thymeleaf-3.0.15.RELEASE.jar;D:\devlopTool\maven\localRepository\org\attoparser\attoparser\2.0.5.RELEASE\attoparser-2.0.5.RELEASE.jar;D:\devlopTool\maven\localRepository\org\unbescape\unbescape\1.1.6.RELEASE\unbescape-1.1.6.RELEASE.jar;D:\devlopTool\maven\localRepository\org\thymeleaf\extras\thymeleaf-extras-java8time\3.0.4.RELEASE\thymeleaf-extras-java8time-3.0.4.RELEASE.jar;D:\devlopTool\maven\localRepository\org\springframework\boot\spring-boot-starter-web\2.7.18-SNAPSHOT\spring-boot-starter-web-2.7.18-SNAPSHOT.jar;D:\devlopTool\maven\localRepository\org\springframework\boot\spring-boot-starter-json\2.7.18-SNAPSHOT\spring-boot-starter-json-2.7.18-SNAPSHOT.jar;D:\devlopTool\maven\localRepository\com\fasterxml\jackson\core\jackson-databind\2.13.5\jackson-databind-2.13.5.jar;D:\devlopTool\maven\localRepository\com\fasterxml\jackson\core\jackson-annotations\2.13.5\jackson-annotations-2.13.5.jar;D:\devlopTool\maven\localRepository\com\fasterxml\jackson\core\jackson-core\2.13.5\jackson-core-2.13.5.jar;D:\devlopTool\maven\localRepository\com\fasterxml\jackson\datatype\jackson-datatype-jdk8\2.13.5\jackson-datatype-jdk8-2.13.5.jar;D:\devlopTool\maven\localRepository\com\fasterxml\jackson\datatype\jackson-datatype-jsr310\2.13.5\jackson-datatype-jsr310-2.13.5.jar;D:\devlopTool\maven\localRepository\com\fasterxml\jackson\module\jackson-module-parameter-names\2.13.5\jackson-module-parameter-names-2.13.5.jar;D:\devlopTool\maven\localRepository\org\springframework\spring-web\5.3.31\spring-web-5.3.31.jar;D:\devlopTool\maven\localRepository\org\springframework\spring-webmvc\5.3.31\spring-webmvc-5.3.31.jar;D:\devlopTool\maven\localRepository\org\springframework\spring-context\5.3.31\spring-context-5.3.31.jar;D:\devlopTool\maven\localRepository\org\springframework\spring-expression\5.3.31\spring-expression-5.3.31.jar;D:\devlopTool\maven\localRepository\org\thymeleaf\extras\thymeleaf-extras-springsecurity5\3.0.5.RELEASE\thymeleaf-extras-springsecurity5-3.0.5.RELEASE.jar;D:\devlopTool\maven\localRepository\org\slf4j\slf4j-api\1.7.36\slf4j-api-1.7.36.jar;D:\devlopTool\maven\localRepository\org\springframework\boot\spring-boot-devtools\2.7.18-SNAPSHOT\spring-boot-devtools-2.7.18-SNAPSHOT.jar;D:\devlopTool\maven\localRepository\org\springframework\boot\spring-boot\2.7.18-SNAPSHOT\spring-boot-2.7.18-SNAPSHOT.jar;D:\devlopTool\maven\localRepository\org\springframework\boot\spring-boot-autoconfigure\2.7.18-SNAPSHOT\spring-boot-autoconfigure-2.7.18-SNAPSHOT.jar;D:\devlopTool\maven\localRepository\com\mysql\mysql-connector-j\8.0.33\mysql-connector-j-8.0.33.jar;D:\devlopTool\maven\localRepository\org\springframework\boot\spring-boot-configuration-processor\2.7.18-SNAPSHOT\spring-boot-configuration-processor-2.7.18-SNAPSHOT.jar;D:\devlopTool\maven\localRepository\org\projectlombok\lombok\1.18.30\lombok-1.18.30.jar;D:\devlopTool\maven\localRepository\org\springframework\boot\spring-boot-starter-tomcat\2.7.18-SNAPSHOT\spring-boot-starter-tomcat-2.7.18-SNAPSHOT.jar;D:\devlopTool\maven\localRepository\jakarta\annotation\jakarta.annotation-api\1.3.5\jakarta.annotation-api-1.3.5.jar;D:\devlopTool\maven\localRepository\org\apache\tomcat\embed\tomcat-embed-core\9.0.83\tomcat-embed-core-9.0.83.jar;D:\devlopTool\maven\localRepository\org\apache\tomcat\embed\tomcat-embed-el\9.0.83\tomcat-embed-el-9.0.83.jar;D:\devlopTool\maven\localRepository\org\apache\tomcat\embed\tomcat-embed-websocket\9.0.83\tomcat-embed-websocket-9.0.83.jar;D:\devlopTool\maven\localRepository\org\springframework\boot\spring-boot-starter-test\2.7.18-SNAPSHOT\spring-boot-starter-test-2.7.18-SNAPSHOT.jar;D:\devlopTool\maven\localRepository\org\springframework\boot\spring-boot-test\2.7.18-SNAPSHOT\spring-boot-test-2.7.18-SNAPSHOT.jar;D:\devlopTool\maven\localRepository\org\springframework\boot\spring-boot-test-autoconfigure\2.7.18-SNAPSHOT\spring-boot-test-autoconfigure-2.7.18-SNAPSHOT.jar;D:\devlopTool\maven\localRepository\com\jayway\jsonpath\json-path\2.7.0\json-path-2.7.0.jar;D:\devlopTool\maven\localRepository\net\minidev\json-smart\2.4.11\json-smart-2.4.11.jar;D:\devlopTool\maven\localRepository\net\minidev\accessors-smart\2.4.11\accessors-smart-2.4.11.jar;D:\devlopTool\maven\localRepository\org\ow2\asm\asm\9.3\asm-9.3.jar;D:\devlopTool\maven\localRepository\jakarta\xml\bind\jakarta.xml.bind-api\2.3.3\jakarta.xml.bind-api-2.3.3.jar;D:\devlopTool\maven\localRepository\jakarta\activation\jakarta.activation-api\1.2.2\jakarta.activation-api-1.2.2.jar;D:\devlopTool\maven\localRepository\org\assertj\assertj-core\3.22.0\assertj-core-3.22.0.jar;D:\devlopTool\maven\localRepository\org\hamcrest\hamcrest\2.2\hamcrest-2.2.jar;D:\devlopTool\maven\localRepository\org\junit\jupiter\junit-jupiter\5.8.2\junit-jupiter-5.8.2.jar;D:\devlopTool\maven\localRepository\org\junit\jupiter\junit-jupiter-api\5.8.2\junit-jupiter-api-5.8.2.jar;D:\devlopTool\maven\localRepository\org\opentest4j\opentest4j\1.2.0\opentest4j-1.2.0.jar;D:\devlopTool\maven\localRepository\org\junit\jupiter\junit-jupiter-params\5.8.2\junit-jupiter-params-5.8.2.jar;D:\devlopTool\maven\localRepository\org\junit\jupiter\junit-jupiter-engine\5.8.2\junit-jupiter-engine-5.8.2.jar;D:\devlopTool\maven\localRepository\org\junit\platform\junit-platform-engine\1.8.2\junit-platform-engine-1.8.2.jar;D:\devlopTool\maven\localRepository\org\mockito\mockito-core\4.5.1\mockito-core-4.5.1.jar;D:\devlopTool\maven\localRepository\net\bytebuddy\byte-buddy\1.12.23\byte-buddy-1.12.23.jar;D:\devlopTool\maven\localRepository\net\bytebuddy\byte-buddy-agent\1.12.23\byte-buddy-agent-1.12.23.jar;D:\devlopTool\maven\localRepository\org\objenesis\objenesis\3.2\objenesis-3.2.jar;D:\devlopTool\maven\localRepository\org\mockito\mockito-junit-jupiter\4.5.1\mockito-junit-jupiter-4.5.1.jar;D:\devlopTool\maven\localRepository\org\skyscreamer\jsonassert\1.5.1\jsonassert-1.5.1.jar;D:\devlopTool\maven\localRepository\com\vaadin\external\google\android-json\0.0.20131108.vaadin1\android-json-0.0.20131108.vaadin1.jar;D:\devlopTool\maven\localRepository\org\springframework\spring-core\5.3.31\spring-core-5.3.31.jar;D:\devlopTool\maven\localRepository\org\springframework\spring-jcl\5.3.31\spring-jcl-5.3.31.jar;D:\devlopTool\maven\localRepository\org\springframework\spring-test\5.3.31\spring-test-5.3.31.jar;D:\devlopTool\maven\localRepository\org\xmlunit\xmlunit-core\2.9.1\xmlunit-core-2.9.1.jar;D:\devlopTool\maven\localRepository\org\springframework\security\spring-security-test\5.7.11\spring-security-test-5.7.11.jar;D:\devlopTool\maven\localRepository\org\springframework\security\spring-security-core\5.7.11\spring-security-core-5.7.11.jar;D:\devlopTool\maven\localRepository\org\springframework\security\spring-security-crypto\5.7.11\spring-security-crypto-5.7.11.jar;D:\devlopTool\maven\localRepository\org\springframework\security\spring-security-web\5.7.11\spring-security-web-5.7.11.jar;D:\devlopTool\maven\localRepository\org\springframework\boot\spring-boot-starter-data-jdbc\2.7.18-SNAPSHOT\spring-boot-starter-data-jdbc-2.7.18-SNAPSHOT.jar;D:\devlopTool\maven\localRepository\org\springframework\boot\spring-boot-starter-jdbc\2.7.18-SNAPSHOT\spring-boot-starter-jdbc-2.7.18-SNAPSHOT.jar;D:\devlopTool\maven\localRepository\com\zaxxer\HikariCP\4.0.3\HikariCP-4.0.3.jar;D:\devlopTool\maven\localRepository\org\springframework\spring-jdbc\5.3.31\spring-jdbc-5.3.31.jar;D:\devlopTool\maven\localRepository\org\springframework\data\spring-data-jdbc\2.4.18\spring-data-jdbc-2.4.18.jar;D:\devlopTool\maven\localRepository\org\springframework\data\spring-data-relational\2.4.18\spring-data-relational-2.4.18.jar;D:\devlopTool\maven\localRepository\org\springframework\data\spring-data-commons\2.7.18\spring-data-commons-2.7.18.jar;D:\devlopTool\maven\localRepository\org\springframework\spring-tx\5.3.31\spring-tx-5.3.31.jar;D:\devlopTool\maven\localRepository\org\mybatis\spring\boot\mybatis-spring-boot-starter\2.2.2\mybatis-spring-boot-starter-2.2.2.jar;D:\devlopTool\maven\localRepository\org\mybatis\spring\boot\mybatis-spring-boot-autoconfigure\2.2.2\mybatis-spring-boot-autoconfigure-2.2.2.jar;D:\devlopTool\maven\localRepository\org\mybatis\mybatis\3.5.9\mybatis-3.5.9.jar;D:\devlopTool\maven\localRepository\org\mybatis\mybatis-spring\2.0.7\mybatis-spring-2.0.7.jar;D:\devlopTool\maven\localRepository\org\junit\platform\junit-platform-commons\1.8.2\junit-platform-commons-1.8.2.jar;D:\devlopTool\maven\localRepository\org\apiguardian\apiguardian-api\1.1.2\apiguardian-api-1.1.2.jar;D:\devlopTool\maven\localRepository\com\alibaba\fastjson\1.2.47\fastjson-1.2.47.jar;D:\devlopTool\maven\localRepository\junit\junit\4.13.2\junit-4.13.2.jar;D:\devlopTool\maven\localRepository\org\hamcrest\hamcrest-core\2.2\hamcrest-core-2.2.jar;D:\devlopTool\maven\localRepository\org\apache\directory\studio\org.apache.commons.codec\1.8\org.apache.commons.codec-1.8.jar;D:\devlopTool\maven\localRepository\commons-codec\commons-codec\1.15\commons-codec-1.15.jar;D:\devlopTool\maven\localRepository\org\bouncycastle\bcprov-jdk15on\1.70\bcprov-jdk15on-1.70.jar;D:\devlopTool\maven\localRepository\org\jetbrains\annotations\24.1.0\annotations-24.1.0.jar;D:\devlopTool\maven\localRepository\com\github\penggle\kaptcha\2.3.2\kaptcha-2.3.2.jar;D:\devlopTool\maven\localRepository\javax\servlet\javax.servlet-api\4.0.1\javax.servlet-api-4.0.1.jar;D:\devlopTool\maven\localRepository\com\jhlabs\filters\2.0.235-1\filters-2.0.235-1.jar;D:\devlopTool\maven\localRepository\org\springframework\boot\spring-boot-starter-data-jpa\2.7.18-SNAPSHOT\spring-boot-starter-data-jpa-2.7.18-SNAPSHOT.jar;D:\devlopTool\maven\localRepository\jakarta\transaction\jakarta.transaction-api\1.3.3\jakarta.transaction-api-1.3.3.jar;D:\devlopTool\maven\localRepository\jakarta\persistence\jakarta.persistence-api\2.2.3\jakarta.persistence-api-2.2.3.jar;D:\devlopTool\maven\localRepository\org\hibernate\hibernate-core\5.6.15.Final\hibernate-core-5.6.15.Final.jar;D:\devlopTool\maven\localRepository\org\jboss\logging\jboss-logging\3.4.3.Final\jboss-logging-3.4.3.Final.jar;D:\devlopTool\maven\localRepository\antlr\antlr\2.7.7\antlr-2.7.7.jar;D:\devlopTool\maven\localRepository\org\jboss\jandex\2.4.2.Final\jandex-2.4.2.Final.jar;D:\devlopTool\maven\localRepository\com\fasterxml\classmate\1.5.1\classmate-1.5.1.jar;D:\devlopTool\maven\localRepository\org\hibernate\common\hibernate-commons-annotations\5.1.2.Final\hibernate-commons-annotations-5.1.2.Final.jar;D:\devlopTool\maven\localRepository\org\glassfish\jaxb\jaxb-runtime\2.3.9\jaxb-runtime-2.3.9.jar;D:\devlopTool\maven\localRepository\org\glassfish\jaxb\txw2\2.3.9\txw2-2.3.9.jar;D:\devlopTool\maven\localRepository\com\sun\istack\istack-commons-runtime\3.0.12\istack-commons-runtime-3.0.12.jar;D:\devlopTool\maven\localRepository\com\sun\activation\jakarta.activation\1.2.2\jakarta.activation-1.2.2.jar;D:\devlopTool\maven\localRepository\org\springframework\data\spring-data-jpa\2.7.18\spring-data-jpa-2.7.18.jar;D:\devlopTool\maven\localRepository\org\springframework\spring-orm\5.3.31\spring-orm-5.3.31.jar;D:\devlopTool\maven\localRepository\org\springframework\spring-aspects\5.3.31\spring-aspects-5.3.31.jar;"/>
    <property name="sun.cpu.endian" value="little"/>
    <property name="user.home" value="C:\Users\Ricostone"/>
    <property name="user.language" value="zh"/>
    <property name="java.specification.vendor" value="Oracle Corporation"/>
    <property name="java.home" value="D:\Java\JDK\jre"/>
    <property name="basedir" value="D:\Project\CommunityModule"/>
    <property name="file.separator" value="\"/>
    <property name="line.separator" value="&#10;"/>
    <property name="java.vm.specification.vendor" value="Oracle Corporation"/>
    <property name="java.specification.name" value="Java Platform API Specification"/>
    <property name="java.awt.graphicsenv" value="sun.awt.Win32GraphicsEnvironment"/>
    <property name="surefire.real.class.path" value="C:\Users\RICOST~1\AppData\Local\Temp\surefire7926264560378528494\surefirebooter3952489035255700972.jar"/>
    <property name="sun.boot.class.path" value="D:\Java\JDK\jre\lib\resources.jar;D:\Java\JDK\jre\lib\rt.jar;D:\Java\JDK\jre\lib\sunrsasign.jar;D:\Java\JDK\jre\lib\jsse.jar;D:\Java\JDK\jre\lib\jce.jar;D:\Java\JDK\jre\lib\charsets.jar;D:\Java\JDK\jre\lib\jfr.jar;D:\Java\JDK\jre\classes"/>
    <property name="user.script" value=""/>
    <property name="sun.management.compiler" value="HotSpot 64-Bit Tiered Compilers"/>
    <property name="java.runtime.version" value="1.8.0_392-b08"/>
    <property name="user.name" value="Ricostone"/>
    <property name="path.separator" value=";"/>
    <property name="os.version" value="10.0"/>
    <property name="java.endorsed.dirs" value="D:\Java\JDK\jre\lib\endorsed"/>
    <property name="java.runtime.name" value="OpenJDK Runtime Environment"/>
    <property name="file.encoding" value="GBK"/>
    <property name="java.vm.name" value="OpenJDK 64-Bit Server VM"/>
    <property name="localRepository" value="D:\devlopTool\maven\localRepository"/>
    <property name="java.vendor.url.bug" value="https://github.com/corretto/corretto-8/issues/"/>
    <property name="java.io.tmpdir" value="C:\Users\RICOST~1\AppData\Local\Temp\"/>
    <property name="idea.version" value="2023.3"/>
    <property name="java.version" value="1.8.0_392"/>
    <property name="user.dir" value="D:\Project\CommunityModule"/>
    <property name="os.arch" value="amd64"/>
    <property name="java.vm.specification.name" value="Java Virtual Machine Specification"/>
    <property name="java.awt.printerjob" value="sun.awt.windows.WPrinterJob"/>
    <property name="sun.os.patch.level" value=""/>
    <property name="java.library.path" value="D:\Java\JDK\jre\bin;C:\Windows\Sun\Java\bin;C:\Windows\system32;C:\Windows;C:\Program Files (x86)\Common Files\Oracle\Java\javapath;C:\Windows\system32;C:\Windows;C:\Windows\System32\Wbem;C:\Windows\System32\WindowsPowerShell\v1.0\;C:\Windows\System32\OpenSSH\;D:\Java\JDK\bin;D:\devlopTool\maven\apache-maven-3.6.3\bin;C:\Users\Ricostone\AppData\Local\Microsoft\WindowsApps;D:\devlopTool\idea\IntelliJ IDEA 2023.3\bin;;D:\Java\JDK\bin;;."/>
    <property name="java.vm.info" value="mixed mode"/>
    <property name="java.vendor" value="Amazon.com Inc."/>
    <property name="java.vm.version" value="25.392-b08"/>
    <property name="java.specification.maintenance.version" value="5"/>
    <property name="java.ext.dirs" value="D:\Java\JDK\jre\lib\ext;C:\Windows\Sun\Java\lib\ext"/>
    <property name="sun.io.unicode.encoding" value="UnicodeLittle"/>
    <property name="maven.repo.local" value="D:\devlopTool\maven\localRepository"/>
    <property name="java.class.version" value="52.0"/>
  </properties>
  <testcase name="contextLoads" classname="com.ricostone.communitymodule.CommunityModuleApplicationTests" time="0.073"/>
</testsuite>